# JRE version: Java(TM) SE Runtime Environment (8.0_161-b12) (build 1.8.0_161-b12)
# Java VM: Java HotSpot(TM) 64-Bit Server VM (25.161-b12 mixed mode bsd-amd64 compressed oops)
Heap:
 PSYoungGen      total 264704K, used 156782K [0x00000007aab00000, 0x00000007c0000000, 0x00000007c0000000)
  eden space 175616K, 73% used [0x00000007aab00000,0x00000007b28779e0,0x00000007b5680000)
  from space 89088K, 31% used [0x00000007ba900000,0x00000007bc4a4010,0x00000007c0000000)
  to   space 84480K, 0% used [0x00000007b5680000,0x00000007b5680000,0x00000007ba900000)
 ParOldGen       total 699392K, used 129614K [0x0000000780000000, 0x00000007aab00000, 0x00000007aab00000)
  object space 699392K, 18% used [0x0000000780000000,0x0000000787e939a8,0x00000007aab00000)
 Metaspace       used 152412K, capacity 166806K, committed 166912K, reserved 1193984K
  class space    used 21686K, capacity 22426K, committed 22528K, reserved 1048576K
GC Heap History (10 events):
Event: 797.604 GC heap before
{Heap before GC invocations=32 (full 6):
 PSYoungGen      total 257536K, used 128543K [0x00000007aab00000, 0x00000007c0000000, 0x00000007c0000000)
  eden space 165888K, 64% used [0x00000007aab00000,0x00000007b13c5f00,0x00000007b4d00000)
  from space 91648K, 23% used [0x00000007b4d00000,0x00000007b61c1ed8,0x00000007ba680000)
  to   space 90112K, 0% used [0x00000007ba800000,0x00000007ba800000,0x00000007c0000000)
 ParOldGen       total 699392K, used 213515K [0x0000000780000000, 0x00000007aab00000, 0x00000007aab00000)
  object space 699392K, 30% used [0x0000000780000000,0x000000078d082c68,0x00000007aab00000)
 Metaspace       used 152024K, capacity 166436K, committed 166656K, reserved 1193984K
  class space    used 21639K, capacity 22402K, committed 22528K, reserved 1048576K
Event: 797.619 GC heap after
Heap after GC invocations=32 (full 6):
 PSYoungGen      total 261632K, used 24909K [0x00000007aab00000, 0x00000007c0000000, 0x00000007c0000000)
  eden space 171520K, 0% used [0x00000007aab00000,0x00000007aab00000,0x00000007b5280000)
  from space 90112K, 27% used [0x00000007ba800000,0x00000007bc053610,0x00000007c0000000)
  to   space 87552K, 0% used [0x00000007b5280000,0x00000007b5280000,0x00000007ba800000)
 ParOldGen       total 699392K, used 213523K [0x0000000780000000, 0x00000007aab00000, 0x00000007aab00000)
  object space 699392K, 30% used [0x0000000780000000,0x000000078d084c68,0x00000007aab00000)
 Metaspace       used 152024K, capacity 166436K, committed 166656K, reserved 1193984K
  class space    used 21639K, capacity 22402K, committed 22528K, reserved 1048576K
}
Event: 797.619 GC heap before
{Heap before GC invocations=33 (full 7):
 PSYoungGen      total 261632K, used 24909K [0x00000007aab00000, 0x00000007c0000000, 0x00000007c0000000)
  eden space 171520K, 0% used [0x00000007aab00000,0x00000007aab00000,0x00000007b5280000)
  from space 90112K, 27% used [0x00000007ba800000,0x00000007bc053610,0x00000007c0000000)
  to   space 87552K, 0% used [0x00000007b5280000,0x00000007b5280000,0x00000007ba800000)
 ParOldGen       total 699392K, used 213523K [0x0000000780000000, 0x00000007aab00000, 0x00000007aab00000)
  object space 699392K, 30% used [0x0000000780000000,0x000000078d084c68,0x00000007aab00000)
 Metaspace       used 152024K, capacity 166436K, committed 166656K, reserved 1193984K
  class space    used 21639K, capacity 22402K, committed 22528K, reserved 1048576K
Event: 798.115 GC heap after
Heap after GC invocations=33 (full 7):
 PSYoungGen      total 261632K, used 0K [0x00000007aab00000, 0x00000007c0000000, 0x00000007c0000000)
  eden space 171520K, 0% used [0x00000007aab00000,0x00000007aab00000,0x00000007b5280000)
  from space 90112K, 0% used [0x00000007ba800000,0x00000007ba800000,0x00000007c0000000)
  to   space 87552K, 0% used [0x00000007b5280000,0x00000007b5280000,0x00000007ba800000)
 ParOldGen       total 699392K, used 130816K [0x0000000780000000, 0x00000007aab00000, 0x00000007aab00000)
  object space 699392K, 18% used [0x0000000780000000,0x0000000787fc0308,0x00000007aab00000)
 Metaspace       used 151328K, capacity 165678K, committed 166656K, reserved 1193984K
  class space    used 21541K, capacity 22292K, committed 22528K, reserved 1048576K
}
Event: 798.120 GC heap before
{Heap before GC invocations=34 (full 7):
 PSYoungGen      total 261632K, used 3304K [0x00000007aab00000, 0x00000007c0000000, 0x00000007c0000000)
  eden space 171520K, 1% used [0x00000007aab00000,0x00000007aae3a220,0x00000007b5280000)
  from space 90112K, 0% used [0x00000007ba800000,0x00000007ba800000,0x00000007c0000000)
  to   space 87552K, 0% used [0x00000007b5280000,0x00000007b5280000,0x00000007ba800000)
 ParOldGen       total 699392K, used 130816K [0x0000000780000000, 0x00000007aab00000, 0x00000007aab00000)
  object space 699392K, 18% used [0x0000000780000000,0x0000000787fc0308,0x00000007aab00000)
 Metaspace       used 151328K, capacity 165678K, committed 166656K, reserved 1193984K
  class space    used 21541K, capacity 22292K, committed 22528K, reserved 1048576K
Event: 798.124 GC heap after
Heap after GC invocations=34 (full 7):
 PSYoungGen      total 259072K, used 96K [0x00000007aab00000, 0x00000007c0000000, 0x00000007c0000000)
  eden space 171520K, 0% used [0x00000007aab00000,0x00000007aab00000,0x00000007b5280000)
  from space 87552K, 0% used [0x00000007b5280000,0x00000007b5298000,0x00000007ba800000)
  to   space 89088K, 0% used [0x00000007ba900000,0x00000007ba900000,0x00000007c0000000)
 ParOldGen       total 699392K, used 130816K [0x0000000780000000, 0x00000007aab00000, 0x00000007aab00000)
  object space 699392K, 18% used [0x0000000780000000,0x0000000787fc0308,0x00000007aab00000)
 Metaspace       used 151328K, capacity 165678K, committed 166656K, reserved 1193984K
  class space    used 21541K, capacity 22292K, committed 22528K, reserved 1048576K
}
Event: 798.124 GC heap before
{Heap before GC invocations=35 (full 8):
 PSYoungGen      total 259072K, used 96K [0x00000007aab00000, 0x00000007c0000000, 0x00000007c0000000)
  eden space 171520K, 0% used [0x00000007aab00000,0x00000007aab00000,0x00000007b5280000)
  from space 87552K, 0% used [0x00000007b5280000,0x00000007b5298000,0x00000007ba800000)
  to   space 89088K, 0% used [0x00000007ba900000,0x00000007ba900000,0x00000007c0000000)
 ParOldGen       total 699392K, used 130816K [0x0000000780000000, 0x00000007aab00000, 0x00000007aab00000)
  object space 699392K, 18% used [0x0000000780000000,0x0000000787fc0308,0x00000007aab00000)
 Metaspace       used 151328K, capacity 165678K, committed 166656K, reserved 1193984K
  class space    used 21541K, capacity 22292K, committed 22528K, reserved 1048576K
Event: 798.366 GC heap after
Heap after GC invocations=35 (full 8):
 PSYoungGen      total 259072K, used 0K [0x00000007aab00000, 0x00000007c0000000, 0x00000007c0000000)
  eden space 171520K, 0% used [0x00000007aab00000,0x00000007aab00000,0x00000007b5280000)
  from space 87552K, 0% used [0x00000007b5280000,0x00000007b5280000,0x00000007ba800000)
  to   space 89088K, 0% used [0x00000007ba900000,0x00000007ba900000,0x00000007c0000000)
 ParOldGen       total 699392K, used 129606K [0x0000000780000000, 0x00000007aab00000, 0x00000007aab00000)
  object space 699392K, 18% used [0x0000000780000000,0x0000000787e919a8,0x00000007aab00000)
 Metaspace       used 151328K, capacity 165678K, committed 166656K, reserved 1193984K
  class space    used 21541K, capacity 22292K, committed 22528K, reserved 1048576K
}
Event: 798.664 GC heap before
{Heap before GC invocations=36 (full 8):
 PSYoungGen      total 259072K, used 171520K [0x00000007aab00000, 0x00000007c0000000, 0x00000007c0000000)
  eden space 171520K, 100% used [0x00000007aab00000,0x00000007b5280000,0x00000007b5280000)
  from space 87552K, 0% used [0x00000007b5280000,0x00000007b5280000,0x00000007ba800000)
  to   space 89088K, 0% used [0x00000007ba900000,0x00000007ba900000,0x00000007c0000000)
 ParOldGen       total 699392K, used 129606K [0x0000000780000000, 0x00000007aab00000, 0x00000007aab00000)
  object space 699392K, 18% used [0x0000000780000000,0x0000000787e919a8,0x00000007aab00000)
 Metaspace       used 151358K, capacity 165722K, committed 166656K, reserved 1193984K
  class space    used 21549K, capacity 22301K, committed 22528K, reserved 1048576K
Event: 798.693 GC heap after
Heap after GC invocations=36 (full 8):
 PSYoungGen      total 264704K, used 28304K [0x00000007aab00000, 0x00000007c0000000, 0x00000007c0000000)
  eden space 175616K, 0% used [0x00000007aab00000,0x00000007aab00000,0x00000007b5680000)
  from space 89088K, 31% used [0x00000007ba900000,0x00000007bc4a4010,0x00000007c0000000)
  to   space 84480K, 0% used [0x00000007b5680000,0x00000007b5680000,0x00000007ba900000)
 ParOldGen       total 699392K, used 129614K [0x0000000780000000, 0x00000007aab00000, 0x00000007aab00000)
  object space 699392K, 18% used [0x0000000780000000,0x0000000787e939a8,0x00000007aab00000)
 Metaspace       used 151358K, capacity 165722K, committed 166656K, reserved 1193984K
  class space    used 21549K, capacity 22301K, committed 22528K, reserved 1048576K
}

